# JRE version: OpenJDK Runtime Environment Temurin-11.0.13+8 (11.0.13+8) (build 11.0.13+8)
# Java VM: OpenJDK 64-Bit Server VM Temurin-11.0.13+8 (11.0.13+8, mixed mode, tiered, compressed oops, g1 gc, linux-amd64)
Heap:
 garbage-first heap   total 165888K, used 125010K [0x0000000080000000, 0x0000000100000000)
  region size 1024K, 47 young (48128K), 3 survivors (3072K)
 Metaspace       used 46252K, capacity 48936K, committed 49200K, reserved 1085440K
  class space    used 4769K, capacity 5715K, committed 5760K, reserved 1040384K
GC Heap History (20 events):
Event: 5.381 GC heap before
{Heap before GC invocations=38 (full 0):
 garbage-first heap   total 106496K, used 76550K [0x0000000080000000, 0x0000000100000000)
  region size 1024K, 27 young (27648K), 4 survivors (4096K)
 Metaspace       used 34423K, capacity 36145K, committed 36400K, reserved 1073152K
  class space    used 3498K, capacity 4118K, committed 4224K, reserved 1040384K
}
Event: 5.385 GC heap after
{Heap after GC invocations=39 (full 0):
 garbage-first heap   total 106496K, used 59611K [0x0000000080000000, 0x0000000100000000)
  region size 1024K, 4 young (4096K), 4 survivors (4096K)
 Metaspace       used 34423K, capacity 36145K, committed 36400K, reserved 1073152K
  class space    used 3498K, capacity 4118K, committed 4224K, reserved 1040384K
}
Event: 5.388 GC heap before
{Heap before GC invocations=39 (full 0):
 garbage-first heap   total 106496K, used 60635K [0x0000000080000000, 0x0000000100000000)
  region size 1024K, 5 young (5120K), 4 survivors (4096K)
 Metaspace       used 34424K, capacity 36145K, committed 36400K, reserved 1073152K
  class space    used 3498K, capacity 4118K, committed 4224K, reserved 1040384K
}
Event: 5.392 GC heap after
{Heap after GC invocations=40 (full 0):
 garbage-first heap   total 135168K, used 54842K [0x0000000080000000, 0x0000000100000000)
  region size 1024K, 1 young (1024K), 1 survivors (1024K)
 Metaspace       used 34424K, capacity 36145K, committed 36400K, reserved 1073152K
  class space    used 3498K, capacity 4118K, committed 4224K, reserved 1040384K
}
Event: 5.586 GC heap before
{Heap before GC invocations=40 (full 0):
 garbage-first heap   total 135168K, used 85562K [0x0000000080000000, 0x0000000100000000)
  region size 1024K, 32 young (32768K), 1 survivors (1024K)
 Metaspace       used 36506K, capacity 38693K, committed 38960K, reserved 1075200K
  class space    used 3705K, capacity 4426K, committed 4480K, reserved 1040384K
}
Event: 5.591 GC heap after
{Heap after GC invocations=41 (full 0):
 garbage-first heap   total 135168K, used 71636K [0x0000000080000000, 0x0000000100000000)
  region size 1024K, 4 young (4096K), 4 survivors (4096K)
 Metaspace       used 36506K, capacity 38693K, committed 38960K, reserved 1075200K
  class space    used 3705K, capacity 4426K, committed 4480K, reserved 1040384K
}
Event: 6.413 GC heap before
{Heap before GC invocations=41 (full 0):
 garbage-first heap   total 135168K, used 93140K [0x0000000080000000, 0x0000000100000000)
  region size 1024K, 25 young (25600K), 4 survivors (4096K)
 Metaspace       used 41126K, capacity 43572K, committed 43696K, reserved 1079296K
  class space    used 4185K, capacity 5012K, committed 5120K, reserved 1040384K
}
Event: 6.415 GC heap after
{Heap after GC invocations=42 (full 0):
 garbage-first heap   total 135168K, used 74704K [0x0000000080000000, 0x0000000100000000)
  region size 1024K, 3 young (3072K), 3 survivors (3072K)
 Metaspace       used 41126K, capacity 43572K, committed 43696K, reserved 1079296K
  class space    used 4185K, capacity 5012K, committed 5120K, reserved 1040384K
}
Event: 6.465 GC heap before
{Heap before GC invocations=42 (full 0):
 garbage-first heap   total 135168K, used 96208K [0x0000000080000000, 0x0000000100000000)
  region size 1024K, 24 young (24576K), 3 survivors (3072K)
 Metaspace       used 41146K, capacity 43573K, committed 43696K, reserved 1079296K
  class space    used 4185K, capacity 5012K, committed 5120K, reserved 1040384K
}
Event: 6.467 GC heap after
{Heap after GC invocations=43 (full 0):
 garbage-first heap   total 135168K, used 75623K [0x0000000080000000, 0x0000000100000000)
  region size 1024K, 1 young (1024K), 1 survivors (1024K)
 Metaspace       used 41146K, capacity 43573K, committed 43696K, reserved 1079296K
  class space    used 4185K, capacity 5012K, committed 5120K, reserved 1040384K
}
Event: 6.517 GC heap before
{Heap before GC invocations=43 (full 0):
 garbage-first heap   total 135168K, used 99175K [0x0000000080000000, 0x0000000100000000)
  region size 1024K, 24 young (24576K), 1 survivors (1024K)
 Metaspace       used 41151K, capacity 43573K, committed 43696K, reserved 1079296K
  class space    used 4185K, capacity 5012K, committed 5120K, reserved 1040384K
}
Event: 6.518 GC heap after
{Heap after GC invocations=44 (full 0):
 garbage-first heap   total 165888K, used 75615K [0x0000000080000000, 0x0000000100000000)
  region size 1024K, 1 young (1024K), 1 survivors (1024K)
 Metaspace       used 41151K, capacity 43573K, committed 43696K, reserved 1079296K
  class space    used 4185K, capacity 5012K, committed 5120K, reserved 1040384K
}
Event: 6.597 GC heap before
{Heap before GC invocations=44 (full 0):
 garbage-first heap   total 165888K, used 111455K [0x0000000080000000, 0x0000000100000000)
  region size 1024K, 36 young (36864K), 1 survivors (1024K)
 Metaspace       used 41152K, capacity 43573K, committed 43696K, reserved 1079296K
  class space    used 4185K, capacity 5012K, committed 5120K, reserved 1040384K
}
Event: 6.598 GC heap after
{Heap after GC invocations=45 (full 0):
 garbage-first heap   total 165888K, used 76116K [0x0000000080000000, 0x0000000100000000)
  region size 1024K, 2 young (2048K), 2 survivors (2048K)
 Metaspace       used 41152K, capacity 43573K, committed 43696K, reserved 1079296K
  class space    used 4185K, capacity 5012K, committed 5120K, reserved 1040384K
}
Event: 6.681 GC heap before
{Heap before GC invocations=45 (full 0):
 garbage-first heap   total 165888K, used 115028K [0x0000000080000000, 0x0000000100000000)
  region size 1024K, 40 young (40960K), 2 survivors (2048K)
 Metaspace       used 41268K, capacity 43763K, committed 43952K, reserved 1079296K
  class space    used 4194K, capacity 5022K, committed 5120K, reserved 1040384K
}
Event: 6.683 GC heap after
{Heap after GC invocations=46 (full 0):
 garbage-first heap   total 165888K, used 75542K [0x0000000080000000, 0x0000000100000000)
  region size 1024K, 1 young (1024K), 1 survivors (1024K)
 Metaspace       used 41268K, capacity 43763K, committed 43952K, reserved 1079296K
  class space    used 4194K, capacity 5022K, committed 5120K, reserved 1040384K
}
Event: 9547.605 GC heap before
{Heap before GC invocations=46 (full 0):
 garbage-first heap   total 165888K, used 140054K [0x0000000080000000, 0x0000000100000000)
  region size 1024K, 53 young (54272K), 1 survivors (1024K)
 Metaspace       used 46195K, capacity 48867K, committed 49200K, reserved 1085440K
  class space    used 4767K, capacity 5714K, committed 5760K, reserved 1040384K
}
Event: 9547.609 GC heap after
{Heap after GC invocations=47 (full 0):
 garbage-first heap   total 165888K, used 80891K [0x0000000080000000, 0x0000000100000000)
  region size 1024K, 3 young (3072K), 3 survivors (3072K)
 Metaspace       used 46195K, capacity 48867K, committed 49200K, reserved 1085440K
  class space    used 4767K, capacity 5714K, committed 5760K, reserved 1040384K
}
Event: 27149.219 GC heap before
{Heap before GC invocations=47 (full 0):
 garbage-first heap   total 165888K, used 129019K [0x0000000080000000, 0x0000000100000000)
  region size 1024K, 50 young (51200K), 3 survivors (3072K)
 Metaspace       used 46216K, capacity 48869K, committed 49200K, reserved 1085440K
  class space    used 4767K, capacity 5714K, committed 5760K, reserved 1040384K
}
Event: 27149.220 GC heap after
{Heap after GC invocations=48 (full 0):
 garbage-first heap   total 165888K, used 80978K [0x0000000080000000, 0x0000000100000000)
  region size 1024K, 3 young (3072K), 3 survivors (3072K)
 Metaspace       used 46216K, capacity 48869K, committed 49200K, reserved 1085440K
  class space    used 4767K, capacity 5714K, committed 5760K, reserved 1040384K
}

