# JRE version: OpenJDK Runtime Environment Temurin-11.0.13+8 (11.0.13+8) (build 11.0.13+8)
# Java VM: OpenJDK 64-Bit Server VM Temurin-11.0.13+8 (11.0.13+8, mixed mode, tiered, compressed oops, g1 gc, linux-amd64)
Heap:
 garbage-first heap   total 209920K, used 162684K [0x0000000080000000, 0x0000000100000000)
  region size 1024K, 63 young (64512K), 1 survivors (1024K)
 Metaspace       used 133291K, capacity 140376K, committed 140624K, reserved 1163264K
  class space    used 15598K, capacity 17910K, committed 17920K, reserved 1040384K
GC Heap History (20 events):
Event: 5821.908 GC heap before
{Heap before GC invocations=421 (full 47):
 garbage-first heap   total 208896K, used 168378K [0x0000000080000000, 0x0000000100000000)
  region size 1024K, 61 young (62464K), 3 survivors (3072K)
 Metaspace       used 133133K, capacity 140195K, committed 140368K, reserved 1163264K
  class space    used 15591K, capacity 17898K, committed 17920K, reserved 1040384K
}
Event: 5821.910 GC heap after
{Heap after GC invocations=422 (full 47):
 garbage-first heap   total 208896K, used 109742K [0x0000000080000000, 0x0000000100000000)
  region size 1024K, 4 young (4096K), 4 survivors (4096K)
 Metaspace       used 133133K, capacity 140195K, committed 140368K, reserved 1163264K
  class space    used 15591K, capacity 17898K, committed 17920K, reserved 1040384K
}
Event: 5821.955 GC heap before
{Heap before GC invocations=422 (full 47):
 garbage-first heap   total 208896K, used 169134K [0x0000000080000000, 0x0000000100000000)
  region size 1024K, 62 young (63488K), 4 survivors (4096K)
 Metaspace       used 133134K, capacity 140195K, committed 140368K, reserved 1163264K
  class space    used 15591K, capacity 17898K, committed 17920K, reserved 1040384K
}
Event: 5821.957 GC heap after
{Heap after GC invocations=423 (full 47):
 garbage-first heap   total 208896K, used 111805K [0x0000000080000000, 0x0000000100000000)
  region size 1024K, 6 young (6144K), 6 survivors (6144K)
 Metaspace       used 133134K, capacity 140195K, committed 140368K, reserved 1163264K
  class space    used 15591K, capacity 17898K, committed 17920K, reserved 1040384K
}
Event: 5821.982 GC heap before
{Heap before GC invocations=423 (full 47):
 garbage-first heap   total 208896K, used 170173K [0x0000000080000000, 0x0000000100000000)
  region size 1024K, 63 young (64512K), 6 survivors (6144K)
 Metaspace       used 133152K, capacity 140195K, committed 140368K, reserved 1163264K
  class space    used 15591K, capacity 17898K, committed 17920K, reserved 1040384K
}
Event: 5821.988 GC heap after
{Heap after GC invocations=424 (full 47):
 garbage-first heap   total 208896K, used 113076K [0x0000000080000000, 0x0000000100000000)
  region size 1024K, 5 young (5120K), 5 survivors (5120K)
 Metaspace       used 133152K, capacity 140195K, committed 140368K, reserved 1163264K
  class space    used 15591K, capacity 17898K, committed 17920K, reserved 1040384K
}
Event: 5822.007 GC heap before
{Heap before GC invocations=424 (full 47):
 garbage-first heap   total 208896K, used 172468K [0x0000000080000000, 0x0000000100000000)
  region size 1024K, 63 young (64512K), 5 survivors (5120K)
 Metaspace       used 133160K, capacity 140195K, committed 140368K, reserved 1163264K
  class space    used 15591K, capacity 17898K, committed 17920K, reserved 1040384K
}
Event: 5822.008 GC heap after
{Heap after GC invocations=425 (full 47):
 garbage-first heap   total 208896K, used 112922K [0x0000000080000000, 0x0000000100000000)
  region size 1024K, 4 young (4096K), 4 survivors (4096K)
 Metaspace       used 133160K, capacity 140195K, committed 140368K, reserved 1163264K
  class space    used 15591K, capacity 17898K, committed 17920K, reserved 1040384K
}
Event: 5822.375 GC heap before
{Heap before GC invocations=425 (full 47):
 garbage-first heap   total 208896K, used 172314K [0x0000000080000000, 0x0000000100000000)
  region size 1024K, 62 young (63488K), 4 survivors (4096K)
 Metaspace       used 133162K, capacity 140195K, committed 140368K, reserved 1163264K
  class space    used 15591K, capacity 17898K, committed 17920K, reserved 1040384K
}
Event: 5822.377 GC heap after
{Heap after GC invocations=426 (full 47):
 garbage-first heap   total 208896K, used 113070K [0x0000000080000000, 0x0000000100000000)
  region size 1024K, 4 young (4096K), 4 survivors (4096K)
 Metaspace       used 133162K, capacity 140195K, committed 140368K, reserved 1163264K
  class space    used 15591K, capacity 17898K, committed 17920K, reserved 1040384K
}
Event: 5822.518 GC heap before
{Heap before GC invocations=426 (full 47):
 garbage-first heap   total 208896K, used 156078K [0x0000000080000000, 0x0000000100000000)
  region size 1024K, 46 young (47104K), 4 survivors (4096K)
 Metaspace       used 133171K, capacity 140195K, committed 140368K, reserved 1163264K
  class space    used 15591K, capacity 17898K, committed 17920K, reserved 1040384K
}
Event: 5822.627 GC heap after
{Heap after GC invocations=427 (full 48):
 garbage-first heap   total 208896K, used 99473K [0x0000000080000000, 0x0000000100000000)
  region size 1024K, 0 young (0K), 0 survivors (0K)
 Metaspace       used 133171K, capacity 140195K, committed 140368K, reserved 1163264K
  class space    used 15591K, capacity 17898K, committed 17920K, reserved 1040384K
}
Event: 5832.387 GC heap before
{Heap before GC invocations=427 (full 48):
 garbage-first heap   total 208896K, used 134289K [0x0000000080000000, 0x0000000100000000)
  region size 1024K, 35 young (35840K), 0 survivors (0K)
 Metaspace       used 133176K, capacity 140201K, committed 140368K, reserved 1163264K
  class space    used 15591K, capacity 17899K, committed 17920K, reserved 1040384K
}
Event: 5832.471 GC heap after
{Heap after GC invocations=428 (full 49):
 garbage-first heap   total 208896K, used 100102K [0x0000000080000000, 0x0000000100000000)
  region size 1024K, 0 young (0K), 0 survivors (0K)
 Metaspace       used 133176K, capacity 140201K, committed 140368K, reserved 1163264K
  class space    used 15591K, capacity 17899K, committed 17920K, reserved 1040384K
}
Event: 5832.507 GC heap before
{Heap before GC invocations=428 (full 49):
 garbage-first heap   total 208896K, used 131846K [0x0000000080000000, 0x0000000100000000)
  region size 1024K, 5 young (5120K), 0 survivors (0K)
 Metaspace       used 133187K, capacity 140207K, committed 140368K, reserved 1163264K
  class space    used 15592K, capacity 17901K, committed 17920K, reserved 1040384K
}
Event: 5832.511 GC heap after
{Heap after GC invocations=429 (full 49):
 garbage-first heap   total 208896K, used 100769K [0x0000000080000000, 0x0000000100000000)
  region size 1024K, 1 young (1024K), 1 survivors (1024K)
 Metaspace       used 133187K, capacity 140207K, committed 140368K, reserved 1163264K
  class space    used 15592K, capacity 17901K, committed 17920K, reserved 1040384K
}
Event: 5832.636 GC heap before
{Heap before GC invocations=430 (full 49):
 garbage-first heap   total 208896K, used 120225K [0x0000000080000000, 0x0000000100000000)
  region size 1024K, 5 young (5120K), 1 survivors (1024K)
 Metaspace       used 133202K, capacity 140231K, committed 140368K, reserved 1163264K
  class space    used 15595K, capacity 17906K, committed 17920K, reserved 1040384K
}
Event: 5832.639 GC heap after
{Heap after GC invocations=431 (full 49):
 garbage-first heap   total 208896K, used 102360K [0x0000000080000000, 0x0000000100000000)
  region size 1024K, 1 young (1024K), 1 survivors (1024K)
 Metaspace       used 133202K, capacity 140231K, committed 140368K, reserved 1163264K
  class space    used 15595K, capacity 17906K, committed 17920K, reserved 1040384K
}
Event: 20249.341 GC heap before
{Heap before GC invocations=432 (full 49):
 garbage-first heap   total 208896K, used 201688K [0x0000000080000000, 0x0000000100000000)
  region size 1024K, 54 young (55296K), 1 survivors (1024K)
 Metaspace       used 133273K, capacity 140312K, committed 140368K, reserved 1163264K
  class space    used 15597K, capacity 17910K, committed 17920K, reserved 1040384K
}
Event: 20249.344 GC heap after
{Heap after GC invocations=433 (full 49):
 garbage-first heap   total 209920K, used 100220K [0x0000000080000000, 0x0000000100000000)
  region size 1024K, 1 young (1024K), 1 survivors (1024K)
 Metaspace       used 133273K, capacity 140312K, committed 140368K, reserved 1163264K
  class space    used 15597K, capacity 17910K, committed 17920K, reserved 1040384K
}

