# JRE version: OpenJDK Runtime Environment Temurin-11.0.13+8 (11.0.13+8) (build 11.0.13+8)
# Java VM: OpenJDK 64-Bit Server VM Temurin-11.0.13+8 (11.0.13+8, mixed mode, tiered, compressed oops, g1 gc, linux-amd64)
Heap:
 garbage-first heap   total 156672K, used 72156K [0x0000000080000000, 0x0000000100000000)
  region size 1024K, 3 young (3072K), 1 survivors (1024K)
 Metaspace       used 62921K, capacity 66371K, committed 67248K, reserved 1099776K
  class space    used 7558K, capacity 8710K, committed 8960K, reserved 1040384K
GC Heap History (20 events):
Event: 6.231 GC heap before
{Heap before GC invocations=38 (full 0):
 garbage-first heap   total 156672K, used 107179K [0x0000000080000000, 0x0000000100000000)
  region size 1024K, 26 young (26624K), 1 survivors (1024K)
 Metaspace       used 41138K, capacity 43574K, committed 43952K, reserved 1079296K
  class space    used 4182K, capacity 5012K, committed 5120K, reserved 1040384K
}
Event: 6.232 GC heap after
{Heap after GC invocations=39 (full 0):
 garbage-first heap   total 156672K, used 81567K [0x0000000080000000, 0x0000000100000000)
  region size 1024K, 1 young (1024K), 1 survivors (1024K)
 Metaspace       used 41138K, capacity 43574K, committed 43952K, reserved 1079296K
  class space    used 4182K, capacity 5012K, committed 5120K, reserved 1040384K
}
Event: 6.293 GC heap before
{Heap before GC invocations=39 (full 0):
 garbage-first heap   total 156672K, used 110239K [0x0000000080000000, 0x0000000100000000)
  region size 1024K, 29 young (29696K), 1 survivors (1024K)
 Metaspace       used 41138K, capacity 43574K, committed 43952K, reserved 1079296K
  class space    used 4182K, capacity 5012K, committed 5120K, reserved 1040384K
}
Event: 6.294 GC heap after
{Heap after GC invocations=40 (full 0):
 garbage-first heap   total 156672K, used 81863K [0x0000000080000000, 0x0000000100000000)
  region size 1024K, 2 young (2048K), 2 survivors (2048K)
 Metaspace       used 41138K, capacity 43574K, committed 43952K, reserved 1079296K
  class space    used 4182K, capacity 5012K, committed 5120K, reserved 1040384K
}
Event: 6.352 GC heap before
{Heap before GC invocations=40 (full 0):
 garbage-first heap   total 156672K, used 112583K [0x0000000080000000, 0x0000000100000000)
  region size 1024K, 32 young (32768K), 2 survivors (2048K)
 Metaspace       used 41138K, capacity 43574K, committed 43952K, reserved 1079296K
  class space    used 4182K, capacity 5012K, committed 5120K, reserved 1040384K
}
Event: 6.353 GC heap after
{Heap after GC invocations=41 (full 0):
 garbage-first heap   total 156672K, used 82080K [0x0000000080000000, 0x0000000100000000)
  region size 1024K, 2 young (2048K), 2 survivors (2048K)
 Metaspace       used 41138K, capacity 43574K, committed 43952K, reserved 1079296K
  class space    used 4182K, capacity 5012K, committed 5120K, reserved 1040384K
}
Event: 24.851 GC heap before
{Heap before GC invocations=41 (full 0):
 garbage-first heap   total 156672K, used 126112K [0x0000000080000000, 0x0000000100000000)
  region size 1024K, 34 young (34816K), 2 survivors (2048K)
 Metaspace       used 45176K, capacity 47733K, committed 47920K, reserved 1083392K
  class space    used 4722K, capacity 5680K, committed 5760K, reserved 1040384K
}
Event: 24.854 GC heap after
{Heap after GC invocations=42 (full 0):
 garbage-first heap   total 156672K, used 86334K [0x0000000080000000, 0x0000000100000000)
  region size 1024K, 3 young (3072K), 3 survivors (3072K)
 Metaspace       used 45176K, capacity 47733K, committed 47920K, reserved 1083392K
  class space    used 4722K, capacity 5680K, committed 5760K, reserved 1040384K
}
Event: 31.145 GC heap before
{Heap before GC invocations=42 (full 0):
 garbage-first heap   total 156672K, used 104766K [0x0000000080000000, 0x0000000100000000)
  region size 1024K, 18 young (18432K), 3 survivors (3072K)
 Metaspace       used 52340K, capacity 55293K, committed 55472K, reserved 1089536K
  class space    used 5723K, capacity 6842K, committed 6912K, reserved 1040384K
}
Event: 31.149 GC heap after
{Heap after GC invocations=43 (full 0):
 garbage-first heap   total 156672K, used 88051K [0x0000000080000000, 0x0000000100000000)
  region size 1024K, 5 young (5120K), 5 survivors (5120K)
 Metaspace       used 52340K, capacity 55293K, committed 55472K, reserved 1089536K
  class space    used 5723K, capacity 6842K, committed 6912K, reserved 1040384K
}
Event: 65.900 GC heap before
{Heap before GC invocations=44 (full 0):
 garbage-first heap   total 156672K, used 116723K [0x0000000080000000, 0x0000000100000000)
  region size 1024K, 36 young (36864K), 5 survivors (5120K)
 Metaspace       used 62726K, capacity 66340K, committed 66480K, reserved 1099776K
  class space    used 7655K, capacity 8899K, committed 8960K, reserved 1040384K
}
Event: 65.903 GC heap after
{Heap after GC invocations=45 (full 0):
 garbage-first heap   total 156672K, used 81326K [0x0000000080000000, 0x0000000100000000)
  region size 1024K, 5 young (5120K), 5 survivors (5120K)
 Metaspace       used 62726K, capacity 66340K, committed 66480K, reserved 1099776K
  class space    used 7655K, capacity 8899K, committed 8960K, reserved 1040384K
}
Event: 536.453 GC heap before
{Heap before GC invocations=45 (full 0):
 garbage-first heap   total 156672K, used 83374K [0x0000000080000000, 0x0000000100000000)
  region size 1024K, 7 young (7168K), 5 survivors (5120K)
 Metaspace       used 62822K, capacity 66474K, committed 66736K, reserved 1099776K
  class space    used 7656K, capacity 8900K, committed 8960K, reserved 1040384K
}
Event: 536.456 GC heap after
{Heap after GC invocations=46 (full 0):
 garbage-first heap   total 156672K, used 71326K [0x0000000080000000, 0x0000000100000000)
  region size 1024K, 1 young (1024K), 1 survivors (1024K)
 Metaspace       used 62822K, capacity 66474K, committed 66736K, reserved 1099776K
  class space    used 7656K, capacity 8900K, committed 8960K, reserved 1040384K
}
Event: 2626.689 GC heap before
{Heap before GC invocations=46 (full 0):
 garbage-first heap   total 156672K, used 77470K [0x0000000080000000, 0x0000000100000000)
  region size 1024K, 7 young (7168K), 1 survivors (1024K)
 Metaspace       used 63265K, capacity 67051K, committed 67248K, reserved 1099776K
  class space    used 7656K, capacity 8900K, committed 8960K, reserved 1040384K
}
Event: 2626.691 GC heap after
{Heap after GC invocations=47 (full 0):
 garbage-first heap   total 156672K, used 71176K [0x0000000080000000, 0x0000000100000000)
  region size 1024K, 1 young (1024K), 1 survivors (1024K)
 Metaspace       used 63265K, capacity 67051K, committed 67248K, reserved 1099776K
  class space    used 7656K, capacity 8900K, committed 8960K, reserved 1040384K
}
Event: 18302.325 GC heap before
{Heap before GC invocations=47 (full 0):
 garbage-first heap   total 156672K, used 114184K [0x0000000080000000, 0x0000000100000000)
  region size 1024K, 43 young (44032K), 1 survivors (1024K)
 Metaspace       used 63345K, capacity 67053K, committed 67248K, reserved 1099776K
  class space    used 7657K, capacity 8900K, committed 8960K, reserved 1040384K
}
Event: 18302.327 GC heap after
{Heap after GC invocations=48 (full 0):
 garbage-first heap   total 156672K, used 71123K [0x0000000080000000, 0x0000000100000000)
  region size 1024K, 1 young (1024K), 1 survivors (1024K)
 Metaspace       used 63345K, capacity 67053K, committed 67248K, reserved 1099776K
  class space    used 7657K, capacity 8900K, committed 8960K, reserved 1040384K
}
Event: 38077.807 GC heap before
{Heap before GC invocations=49 (full 0):
 garbage-first heap   total 156672K, used 124371K [0x0000000080000000, 0x0000000100000000)
  region size 1024K, 53 young (54272K), 1 survivors (1024K)
 Metaspace       used 62914K, capacity 66371K, committed 67248K, reserved 1099776K
  class space    used 7558K, capacity 8710K, committed 8960K, reserved 1040384K
}
Event: 38077.808 GC heap after
{Heap after GC invocations=50 (full 0):
 garbage-first heap   total 156672K, used 71132K [0x0000000080000000, 0x0000000100000000)
  region size 1024K, 1 young (1024K), 1 survivors (1024K)
 Metaspace       used 62914K, capacity 66371K, committed 67248K, reserved 1099776K
  class space    used 7558K, capacity 8710K, committed 8960K, reserved 1040384K
}

