# JRE version: OpenJDK Runtime Environment Temurin-11.0.13+8 (11.0.13+8) (build 11.0.13+8)
# Java VM: OpenJDK 64-Bit Server VM Temurin-11.0.13+8 (11.0.13+8, mixed mode, tiered, compressed oops, g1 gc, linux-amd64)
Heap:
 garbage-first heap   total 219136K, used 118305K [0x0000000080000000, 0x0000000100000000)
  region size 1024K, 20 young (20480K), 1 survivors (1024K)
 Metaspace       used 133243K, capacity 139892K, committed 140208K, reserved 1163264K
  class space    used 15355K, capacity 17633K, committed 17664K, reserved 1040384K
GC Heap History (20 events):
Event: 9391.070 GC heap before
{Heap before GC invocations=597 (full 50):
 garbage-first heap   total 219136K, used 138788K [0x0000000080000000, 0x0000000100000000)
  region size 1024K, 3 young (3072K), 1 survivors (1024K)
 Metaspace       used 132885K, capacity 139504K, committed 139824K, reserved 1163264K
  class space    used 15315K, capacity 17527K, committed 17536K, reserved 1040384K
}
Event: 9391.072 GC heap after
{Heap after GC invocations=598 (full 50):
 garbage-first heap   total 219136K, used 99874K [0x0000000080000000, 0x0000000100000000)
  region size 1024K, 1 young (1024K), 1 survivors (1024K)
 Metaspace       used 132885K, capacity 139504K, committed 139824K, reserved 1163264K
  class space    used 15315K, capacity 17527K, committed 17536K, reserved 1040384K
}
Event: 9391.780 GC heap before
{Heap before GC invocations=599 (full 50):
 garbage-first heap   total 219136K, used 124450K [0x0000000080000000, 0x0000000100000000)
  region size 1024K, 4 young (4096K), 1 survivors (1024K)
 Metaspace       used 132885K, capacity 139504K, committed 139824K, reserved 1163264K
  class space    used 15315K, capacity 17527K, committed 17536K, reserved 1040384K
}
Event: 9391.783 GC heap after
{Heap after GC invocations=600 (full 50):
 garbage-first heap   total 219136K, used 99876K [0x0000000080000000, 0x0000000100000000)
  region size 1024K, 1 young (1024K), 1 survivors (1024K)
 Metaspace       used 132885K, capacity 139504K, committed 139824K, reserved 1163264K
  class space    used 15315K, capacity 17527K, committed 17536K, reserved 1040384K
}
Event: 9392.101 GC heap before
{Heap before GC invocations=601 (full 50):
 garbage-first heap   total 219136K, used 125476K [0x0000000080000000, 0x0000000100000000)
  region size 1024K, 4 young (4096K), 1 survivors (1024K)
 Metaspace       used 132885K, capacity 139504K, committed 139824K, reserved 1163264K
  class space    used 15315K, capacity 17527K, committed 17536K, reserved 1040384K
}
Event: 9392.103 GC heap after
{Heap after GC invocations=602 (full 50):
 garbage-first heap   total 219136K, used 99893K [0x0000000080000000, 0x0000000100000000)
  region size 1024K, 1 young (1024K), 1 survivors (1024K)
 Metaspace       used 132885K, capacity 139504K, committed 139824K, reserved 1163264K
  class space    used 15315K, capacity 17527K, committed 17536K, reserved 1040384K
}
Event: 9392.148 GC heap before
{Heap before GC invocations=603 (full 50):
 garbage-first heap   total 219136K, used 162357K [0x0000000080000000, 0x0000000100000000)
  region size 1024K, 5 young (5120K), 1 survivors (1024K)
 Metaspace       used 132885K, capacity 139504K, committed 139824K, reserved 1163264K
  class space    used 15315K, capacity 17527K, committed 17536K, reserved 1040384K
}
Event: 9392.150 GC heap after
{Heap after GC invocations=604 (full 50):
 garbage-first heap   total 219136K, used 99890K [0x0000000080000000, 0x0000000100000000)
  region size 1024K, 1 young (1024K), 1 survivors (1024K)
 Metaspace       used 132885K, capacity 139504K, committed 139824K, reserved 1163264K
  class space    used 15315K, capacity 17527K, committed 17536K, reserved 1040384K
}
Event: 9392.188 GC heap before
{Heap before GC invocations=605 (full 50):
 garbage-first heap   total 219136K, used 138802K [0x0000000080000000, 0x0000000100000000)
  region size 1024K, 3 young (3072K), 1 survivors (1024K)
 Metaspace       used 132885K, capacity 139504K, committed 139824K, reserved 1163264K
  class space    used 15315K, capacity 17527K, committed 17536K, reserved 1040384K
}
Event: 9392.191 GC heap after
{Heap after GC invocations=606 (full 50):
 garbage-first heap   total 219136K, used 99884K [0x0000000080000000, 0x0000000100000000)
  region size 1024K, 1 young (1024K), 1 survivors (1024K)
 Metaspace       used 132885K, capacity 139504K, committed 139824K, reserved 1163264K
  class space    used 15315K, capacity 17527K, committed 17536K, reserved 1040384K
}
Event: 9392.898 GC heap before
{Heap before GC invocations=607 (full 50):
 garbage-first heap   total 219136K, used 126508K [0x0000000080000000, 0x0000000100000000)
  region size 1024K, 4 young (4096K), 1 survivors (1024K)
 Metaspace       used 132885K, capacity 139504K, committed 139824K, reserved 1163264K
  class space    used 15315K, capacity 17527K, committed 17536K, reserved 1040384K
}
Event: 9392.900 GC heap after
{Heap after GC invocations=608 (full 50):
 garbage-first heap   total 219136K, used 99883K [0x0000000080000000, 0x0000000100000000)
  region size 1024K, 1 young (1024K), 1 survivors (1024K)
 Metaspace       used 132885K, capacity 139504K, committed 139824K, reserved 1163264K
  class space    used 15315K, capacity 17527K, committed 17536K, reserved 1040384K
}
Event: 9393.164 GC heap before
{Heap before GC invocations=609 (full 50):
 garbage-first heap   total 219136K, used 124459K [0x0000000080000000, 0x0000000100000000)
  region size 1024K, 4 young (4096K), 1 survivors (1024K)
 Metaspace       used 132885K, capacity 139504K, committed 139824K, reserved 1163264K
  class space    used 15315K, capacity 17527K, committed 17536K, reserved 1040384K
}
Event: 9393.166 GC heap after
{Heap after GC invocations=610 (full 50):
 garbage-first heap   total 219136K, used 99901K [0x0000000080000000, 0x0000000100000000)
  region size 1024K, 1 young (1024K), 1 survivors (1024K)
 Metaspace       used 132885K, capacity 139504K, committed 139824K, reserved 1163264K
  class space    used 15315K, capacity 17527K, committed 17536K, reserved 1040384K
}
Event: 9393.209 GC heap before
{Heap before GC invocations=611 (full 50):
 garbage-first heap   total 219136K, used 159293K [0x0000000080000000, 0x0000000100000000)
  region size 1024K, 5 young (5120K), 1 survivors (1024K)
 Metaspace       used 132885K, capacity 139504K, committed 139824K, reserved 1163264K
  class space    used 15315K, capacity 17527K, committed 17536K, reserved 1040384K
}
Event: 9393.211 GC heap after
{Heap after GC invocations=612 (full 50):
 garbage-first heap   total 219136K, used 99905K [0x0000000080000000, 0x0000000100000000)
  region size 1024K, 1 young (1024K), 1 survivors (1024K)
 Metaspace       used 132885K, capacity 139504K, committed 139824K, reserved 1163264K
  class space    used 15315K, capacity 17527K, committed 17536K, reserved 1040384K
}
Event: 9393.250 GC heap before
{Heap before GC invocations=613 (full 50):
 garbage-first heap   total 219136K, used 138817K [0x0000000080000000, 0x0000000100000000)
  region size 1024K, 3 young (3072K), 1 survivors (1024K)
 Metaspace       used 132885K, capacity 139504K, committed 139824K, reserved 1163264K
  class space    used 15315K, capacity 17527K, committed 17536K, reserved 1040384K
}
Event: 9393.252 GC heap after
{Heap after GC invocations=614 (full 50):
 garbage-first heap   total 219136K, used 99905K [0x0000000080000000, 0x0000000100000000)
  region size 1024K, 1 young (1024K), 1 survivors (1024K)
 Metaspace       used 132885K, capacity 139504K, committed 139824K, reserved 1163264K
  class space    used 15315K, capacity 17527K, committed 17536K, reserved 1040384K
}
Event: 29876.398 GC heap before
{Heap before GC invocations=615 (full 50):
 garbage-first heap   total 219136K, used 181825K [0x0000000080000000, 0x0000000100000000)
  region size 1024K, 70 young (71680K), 1 survivors (1024K)
 Metaspace       used 132909K, capacity 139506K, committed 139824K, reserved 1163264K
  class space    used 15316K, capacity 17527K, committed 17536K, reserved 1040384K
}
Event: 29876.400 GC heap after
{Heap after GC invocations=616 (full 50):
 garbage-first heap   total 219136K, used 99873K [0x0000000080000000, 0x0000000100000000)
  region size 1024K, 1 young (1024K), 1 survivors (1024K)
 Metaspace       used 132909K, capacity 139506K, committed 139824K, reserved 1163264K
  class space    used 15316K, capacity 17527K, committed 17536K, reserved 1040384K
}

