# JRE version: OpenJDK Runtime Environment Temurin-11.0.13+8 (11.0.13+8) (build 11.0.13+8)
# Java VM: OpenJDK 64-Bit Server VM Temurin-11.0.13+8 (11.0.13+8, mixed mode, tiered, compressed oops, g1 gc, linux-amd64)
Heap:
 garbage-first heap   total 227328K, used 106950K [0x0000000080000000, 0x0000000100000000)
  region size 1024K, 9 young (9216K), 1 survivors (1024K)
 Metaspace       used 128830K, capacity 135105K, committed 135496K, reserved 1159168K
  class space    used 15386K, capacity 17512K, committed 17664K, reserved 1040384K
GC Heap History (20 events):
Event: 2323.487 GC heap before
{Heap before GC invocations=193 (full 13):
 garbage-first heap   total 189440K, used 156834K [0x0000000080000000, 0x0000000100000000)
  region size 1024K, 48 young (49152K), 5 survivors (5120K)
 Metaspace       used 128584K, capacity 134796K, committed 135240K, reserved 1159168K
  class space    used 15380K, capacity 17502K, committed 17664K, reserved 1040384K
}
Event: 2323.489 GC heap after
{Heap after GC invocations=194 (full 13):
 garbage-first heap   total 189440K, used 112790K [0x0000000080000000, 0x0000000100000000)
  region size 1024K, 2 young (2048K), 2 survivors (2048K)
 Metaspace       used 128584K, capacity 134796K, committed 135240K, reserved 1159168K
  class space    used 15380K, capacity 17502K, committed 17664K, reserved 1040384K
}
Event: 2323.505 GC heap before
{Heap before GC invocations=194 (full 13):
 garbage-first heap   total 189440K, used 157846K [0x0000000080000000, 0x0000000100000000)
  region size 1024K, 46 young (47104K), 2 survivors (2048K)
 Metaspace       used 128585K, capacity 134796K, committed 135240K, reserved 1159168K
  class space    used 15380K, capacity 17502K, committed 17664K, reserved 1040384K
}
Event: 2323.506 GC heap after
{Heap after GC invocations=195 (full 13):
 garbage-first heap   total 189440K, used 112984K [0x0000000080000000, 0x0000000100000000)
  region size 1024K, 2 young (2048K), 2 survivors (2048K)
 Metaspace       used 128585K, capacity 134796K, committed 135240K, reserved 1159168K
  class space    used 15380K, capacity 17502K, committed 17664K, reserved 1040384K
}
Event: 2323.595 GC heap before
{Heap before GC invocations=195 (full 13):
 garbage-first heap   total 189440K, used 158040K [0x0000000080000000, 0x0000000100000000)
  region size 1024K, 46 young (47104K), 2 survivors (2048K)
 Metaspace       used 128595K, capacity 134808K, committed 135240K, reserved 1159168K
  class space    used 15381K, capacity 17504K, committed 17664K, reserved 1040384K
}
Event: 2323.596 GC heap after
{Heap after GC invocations=196 (full 13):
 garbage-first heap   total 189440K, used 113278K [0x0000000080000000, 0x0000000100000000)
  region size 1024K, 2 young (2048K), 2 survivors (2048K)
 Metaspace       used 128595K, capacity 134808K, committed 135240K, reserved 1159168K
  class space    used 15381K, capacity 17504K, committed 17664K, reserved 1040384K
}
Event: 2323.654 GC heap before
{Heap before GC invocations=196 (full 13):
 garbage-first heap   total 189440K, used 159358K [0x0000000080000000, 0x0000000100000000)
  region size 1024K, 46 young (47104K), 2 survivors (2048K)
 Metaspace       used 128614K, capacity 134832K, committed 135240K, reserved 1159168K
  class space    used 15383K, capacity 17508K, committed 17664K, reserved 1040384K
}
Event: 2323.655 GC heap after
{Heap after GC invocations=197 (full 13):
 garbage-first heap   total 189440K, used 115431K [0x0000000080000000, 0x0000000100000000)
  region size 1024K, 4 young (4096K), 4 survivors (4096K)
 Metaspace       used 128614K, capacity 134832K, committed 135240K, reserved 1159168K
  class space    used 15383K, capacity 17508K, committed 17664K, reserved 1040384K
}
Event: 2323.657 GC heap before
{Heap before GC invocations=197 (full 13):
 garbage-first heap   total 189440K, used 115431K [0x0000000080000000, 0x0000000100000000)
  region size 1024K, 5 young (5120K), 4 survivors (4096K)
 Metaspace       used 128615K, capacity 134832K, committed 135240K, reserved 1159168K
  class space    used 15383K, capacity 17508K, committed 17664K, reserved 1040384K
}
Event: 2323.735 GC heap after
{Heap after GC invocations=198 (full 14):
 garbage-first heap   total 189440K, used 99193K [0x0000000080000000, 0x0000000100000000)
  region size 1024K, 0 young (0K), 0 survivors (0K)
 Metaspace       used 128615K, capacity 134832K, committed 135240K, reserved 1159168K
  class space    used 15383K, capacity 17508K, committed 17664K, reserved 1040384K
}
Event: 2324.870 GC heap before
{Heap before GC invocations=198 (full 14):
 garbage-first heap   total 189440K, used 154489K [0x0000000080000000, 0x0000000100000000)
  region size 1024K, 37 young (37888K), 0 survivors (0K)
 Metaspace       used 128637K, capacity 134841K, committed 135240K, reserved 1159168K
  class space    used 15385K, capacity 17511K, committed 17664K, reserved 1040384K
}
Event: 2324.873 GC heap after
{Heap after GC invocations=199 (full 14):
 garbage-first heap   total 189440K, used 100394K [0x0000000080000000, 0x0000000100000000)
  region size 1024K, 2 young (2048K), 2 survivors (2048K)
 Metaspace       used 128637K, capacity 134841K, committed 135240K, reserved 1159168K
  class space    used 15385K, capacity 17511K, committed 17664K, reserved 1040384K
}
Event: 2324.938 GC heap before
{Heap before GC invocations=200 (full 14):
 garbage-first heap   total 189440K, used 119850K [0x0000000080000000, 0x0000000100000000)
  region size 1024K, 5 young (5120K), 2 survivors (2048K)
 Metaspace       used 128671K, capacity 134911K, committed 135240K, reserved 1159168K
  class space    used 15385K, capacity 17512K, committed 17664K, reserved 1040384K
}
Event: 2324.940 GC heap after
{Heap after GC invocations=201 (full 14):
 garbage-first heap   total 189440K, used 99874K [0x0000000080000000, 0x0000000100000000)
  region size 1024K, 1 young (1024K), 1 survivors (1024K)
 Metaspace       used 128671K, capacity 134911K, committed 135240K, reserved 1159168K
  class space    used 15385K, capacity 17512K, committed 17664K, reserved 1040384K
}
Event: 2324.976 GC heap before
{Heap before GC invocations=202 (full 14):
 garbage-first heap   total 189440K, used 126498K [0x0000000080000000, 0x0000000100000000)
  region size 1024K, 10 young (10240K), 1 survivors (1024K)
 Metaspace       used 128679K, capacity 134911K, committed 135240K, reserved 1159168K
  class space    used 15385K, capacity 17512K, committed 17664K, reserved 1040384K
}
Event: 2324.979 GC heap after
{Heap after GC invocations=203 (full 14):
 garbage-first heap   total 189440K, used 99829K [0x0000000080000000, 0x0000000100000000)
  region size 1024K, 1 young (1024K), 1 survivors (1024K)
 Metaspace       used 128679K, capacity 134911K, committed 135240K, reserved 1159168K
  class space    used 15385K, capacity 17512K, committed 17664K, reserved 1040384K
}
Event: 13698.127 GC heap before
{Heap before GC invocations=204 (full 14):
 garbage-first heap   total 189440K, used 142837K [0x0000000080000000, 0x0000000100000000)
  region size 1024K, 41 young (41984K), 1 survivors (1024K)
 Metaspace       used 128802K, capacity 135039K, committed 135240K, reserved 1159168K
  class space    used 15386K, capacity 17512K, committed 17664K, reserved 1040384K
}
Event: 13698.130 GC heap after
{Heap after GC invocations=205 (full 14):
 garbage-first heap   total 227328K, used 99802K [0x0000000080000000, 0x0000000100000000)
  region size 1024K, 1 young (1024K), 1 survivors (1024K)
 Metaspace       used 128802K, capacity 135039K, committed 135240K, reserved 1159168K
  class space    used 15386K, capacity 17512K, committed 17664K, reserved 1040384K
}
Event: 36297.556 GC heap before
{Heap before GC invocations=205 (full 14):
 garbage-first heap   total 227328K, used 161242K [0x0000000080000000, 0x0000000100000000)
  region size 1024K, 61 young (62464K), 1 survivors (1024K)
 Metaspace       used 128819K, capacity 135041K, committed 135240K, reserved 1159168K
  class space    used 15386K, capacity 17512K, committed 17664K, reserved 1040384K
}
Event: 36297.558 GC heap after
{Heap after GC invocations=206 (full 14):
 garbage-first heap   total 227328K, used 99782K [0x0000000080000000, 0x0000000100000000)
  region size 1024K, 1 young (1024K), 1 survivors (1024K)
 Metaspace       used 128819K, capacity 135041K, committed 135240K, reserved 1159168K
  class space    used 15386K, capacity 17512K, committed 17664K, reserved 1040384K
}

